root
 |-- Species: string (nullable = true)
 |-- Dead_Alive: string (nullable = true)
 |-- Gear: string (nullable = true)
 |-- SCL_notch: float (nullable = true)
 |-- SCL_tip: float (nullable = true)
 |-- SCW: float (nullable = true)
 |-- CCL_notch: float (nullable = true)
 |-- TestLevel_Before: float (nullable = true)
 |-- Entangled: string (nullable = true)

+----------+----------+---------+---------+-------+----+---------+----------------+---------+
|   Species|Dead_Alive|     Gear|SCL_notch|SCL_tip| SCW|CCL_notch|TestLevel_Before|Entangled|
+----------+----------+---------+---------+-------+----+---------+----------------+---------+
|Loggerhead|     alive| Gill net|     45.9|   46.4|39.8|     49.4|       406.42322|     free|
|Loggerhead|     alive| Gill net|     45.9|   46.4|39.8|     49.4|       406.42322|     free|
|Loggerhead|     alive|Pound net|     58.2|   59.4|49.5|     63.7|       406.42322|     free|
|Loggerhead|     alive|Pound net|     58.2|   59.4|49.5|     63.7|       406.42322|     free|
|Loggerhead|     alive|Pound net|     63.1|   64.6|57.9|     70.2|       406.42322|     free|
+----------+----------+---------+---------+-------+----+---------+----------------+---------+
only showing top 5 rows

Logistic Regression
	 Best regParam (lambda): 0.00
	 Best elasticNetparam (alpha): 0.00
	 accuracy: 0.988
	 weightedRecall: 0.988
	 weightedPrecision: 0.988
Decision Tree
	 Best maxDepth: 15
	 Best maxBins: 32
	 accuracy: 0.990
	 weightedRecall: 0.990
	 weightedPrecision: 0.990
Random Forest
	 Best maxDepth: 15
	 Best numTrees: 20
	 accuracy: 0.989
	 weightedRecall: 0.989
	 weightedPrecision: 0.989
One vs Rest
	 accuracy: 0.990
	 weightedRecall: 0.990
	 weightedPrecision: 0.990
Naive Bayes
	 Best smoothing: 0.5
	 accuracy: 0.625
	 weightedRecall: 0.625
	 weightedPrecision: 0.819
