col: gender
+------+-----+
|gender|count|
+------+-----+
|Female| 3483|
|  Male| 3549|
+------+-----+

col: SeniorCitizen
+-------------+-----+
|SeniorCitizen|count|
+-------------+-----+
|            1| 1142|
|            0| 5890|
+-------------+-----+

col: Partner
+-------+-----+
|Partner|count|
+-------+-----+
|     No| 3639|
|    Yes| 3393|
+-------+-----+

col: Dependents
+----------+-----+
|Dependents|count|
+----------+-----+
|        No| 4933|
|       Yes| 2099|
+----------+-----+

col: tenure
+-------+------------------+
|summary|            tenure|
+-------+------------------+
|  count|              7032|
|   mean|32.421786120591584|
| stddev|24.545259709263245|
|    min|                 1|
|    max|                72|
+-------+------------------+

col: PhoneService
+------------+-----+
|PhoneService|count|
+------------+-----+
|          No|  680|
|         Yes| 6352|
+------------+-----+

col: MultipleLines
+----------------+-----+
|   MultipleLines|count|
+----------------+-----+
|No phone service|  680|
|              No| 3385|
|             Yes| 2967|
+----------------+-----+

col: InternetService
+---------------+-----+
|InternetService|count|
+---------------+-----+
|    Fiber optic| 3096|
|             No| 1520|
|            DSL| 2416|
+---------------+-----+

col: OnlineSecurity
+-------------------+-----+
|     OnlineSecurity|count|
+-------------------+-----+
|                 No| 3497|
|                Yes| 2015|
|No internet service| 1520|
+-------------------+-----+

col: OnlineBackup
+-------------------+-----+
|       OnlineBackup|count|
+-------------------+-----+
|                 No| 3087|
|                Yes| 2425|
|No internet service| 1520|
+-------------------+-----+

col: DeviceProtection
+-------------------+-----+
|   DeviceProtection|count|
+-------------------+-----+
|                 No| 3094|
|                Yes| 2418|
|No internet service| 1520|
+-------------------+-----+

col: TechSupport
+-------------------+-----+
|        TechSupport|count|
+-------------------+-----+
|                 No| 3472|
|                Yes| 2040|
|No internet service| 1520|
+-------------------+-----+

col: StreamingTV
+-------------------+-----+
|        StreamingTV|count|
+-------------------+-----+
|                 No| 2809|
|                Yes| 2703|
|No internet service| 1520|
+-------------------+-----+

col: StreamingMovies
+-------------------+-----+
|    StreamingMovies|count|
+-------------------+-----+
|                 No| 2781|
|                Yes| 2731|
|No internet service| 1520|
+-------------------+-----+

col: Contract
+--------------+-----+
|      Contract|count|
+--------------+-----+
|Month-to-month| 3875|
|      One year| 1472|
|      Two year| 1685|
+--------------+-----+

col: PaperlessBilling
+----------------+-----+
|PaperlessBilling|count|
+----------------+-----+
|              No| 2864|
|             Yes| 4168|
+----------------+-----+

col: PaymentMethod
+--------------------+-----+
|       PaymentMethod|count|
+--------------------+-----+
|Credit card (auto...| 1521|
|        Mailed check| 1604|
|Bank transfer (au...| 1542|
|    Electronic check| 2365|
+--------------------+-----+

col: MonthlyCharges
+-------+------------------+
|summary|    MonthlyCharges|
+-------+------------------+
|  count|              7032|
|   mean| 64.79820819112632|
| stddev|30.085973884049825|
|    min|             18.25|
|    max|            118.75|
+-------+------------------+

col: Churn
+-----+-----+
|Churn|count|
+-----+-----+
|   No| 5163|
|  Yes| 1869|
+-----+-----+

col: months
+-------+------------------+
|summary|            months|
+-------+------------------+
|  count|              7032|
|   mean| 32.42407175509133|
| stddev|24.581794800994476|
|    min|               1.0|
|    max| 79.34177215189874|
+-------+------------------+

root
 |-- gender: string (nullable = true)
 |-- SeniorCitizen: integer (nullable = true)
 |-- Partner: string (nullable = true)
 |-- Dependents: string (nullable = true)
 |-- tenure: integer (nullable = true)
 |-- PhoneService: string (nullable = true)
 |-- MultipleLines: string (nullable = true)
 |-- InternetService: string (nullable = true)
 |-- OnlineSecurity: string (nullable = true)
 |-- OnlineBackup: string (nullable = true)
 |-- DeviceProtection: string (nullable = true)
 |-- TechSupport: string (nullable = true)
 |-- StreamingTV: string (nullable = true)
 |-- StreamingMovies: string (nullable = true)
 |-- Contract: string (nullable = true)
 |-- PaperlessBilling: string (nullable = true)
 |-- PaymentMethod: string (nullable = true)
 |-- MonthlyCharges: double (nullable = true)
 |-- Churn: string (nullable = true)
 |-- months: double (nullable = true)

+------+-------------+-------+----------+------+------------+----------------+---------------+-------------------+-------------------+-------------------+-------------------+-------------------+-------------------+--------------+----------------+--------------------+--------------+-----+------------------+
|gender|SeniorCitizen|Partner|Dependents|tenure|PhoneService|   MultipleLines|InternetService|     OnlineSecurity|       OnlineBackup|   DeviceProtection|        TechSupport|        StreamingTV|    StreamingMovies|      Contract|PaperlessBilling|       PaymentMethod|MonthlyCharges|Churn|            months|
+------+-------------+-------+----------+------+------------+----------------+---------------+-------------------+-------------------+-------------------+-------------------+-------------------+-------------------+--------------+----------------+--------------------+--------------+-----+------------------+
|Female|            0|    Yes|        No|     1|          No|No phone service|            DSL|                 No|                Yes|                 No|                 No|                 No|                 No|Month-to-month|             Yes|    Electronic check|         29.85|   No|               1.0|
|  Male|            0|     No|        No|    34|         Yes|              No|            DSL|                Yes|                 No|                Yes|                 No|                 No|                 No|      One year|              No|        Mailed check|         56.95|   No| 33.17822651448639|
|  Male|            0|     No|        No|     2|         Yes|              No|            DSL|                Yes|                Yes|                 No|                 No|                 No|                 No|Month-to-month|             Yes|        Mailed check|         53.85|  Yes|2.0083565459610027|
|  Male|            0|     No|        No|    45|          No|No phone service|            DSL|                Yes|                 No|                Yes|                Yes|                 No|                 No|      One year|              No|Bank transfer (au...|          42.3|   No|43.516548463356976|
|Female|            0|     No|        No|     2|         Yes|              No|    Fiber optic|                 No|                 No|                 No|                 No|                 No|                 No|Month-to-month|             Yes|    Electronic check|          70.7|  Yes| 2.144978783592645|
|Female|            0|     No|        No|     8|         Yes|             Yes|    Fiber optic|                 No|                 No|                Yes|                 No|                Yes|                Yes|Month-to-month|             Yes|    Electronic check|         99.65|  Yes| 8.233818364274962|
|  Male|            0|     No|       Yes|    22|         Yes|             Yes|    Fiber optic|                 No|                Yes|                 No|                 No|                Yes|                 No|Month-to-month|             Yes|Credit card (auto...|          89.1|   No|21.878787878787882|
|Female|            0|     No|        No|    10|          No|No phone service|            DSL|                Yes|                 No|                 No|                 No|                 No|                 No|Month-to-month|              No|        Mailed check|         29.75|   No|10.147899159663865|
|Female|            0|    Yes|        No|    28|         Yes|             Yes|    Fiber optic|                 No|                 No|                Yes|                Yes|                Yes|                Yes|Month-to-month|             Yes|    Electronic check|         104.8|  Yes| 29.06536259541985|
|  Male|            0|     No|       Yes|    62|         Yes|              No|            DSL|                Yes|                Yes|                 No|                 No|                 No|                 No|      One year|              No|Bank transfer (au...|         56.15|   No|62.118432769367764|
|  Male|            0|    Yes|       Yes|    13|         Yes|              No|            DSL|                Yes|                 No|                 No|                 No|                 No|                 No|Month-to-month|             Yes|        Mailed check|         49.95|   No| 11.76076076076076|
|  Male|            0|     No|        No|    16|         Yes|              No|             No|No internet service|No internet service|No internet service|No internet service|No internet service|No internet service|      Two year|              No|Credit card (auto...|         18.95|   No| 17.24538258575198|
|  Male|            0|    Yes|        No|    58|         Yes|             Yes|    Fiber optic|                 No|                 No|                Yes|                 No|                Yes|                Yes|      One year|              No|Credit card (auto...|        100.35|   No| 56.61285500747385|
|  Male|            0|     No|        No|    49|         Yes|             Yes|    Fiber optic|                 No|                Yes|                Yes|                 No|                Yes|                Yes|Month-to-month|             Yes|Bank transfer (au...|         103.7|  Yes| 48.56605593056895|
|  Male|            0|     No|        No|    25|         Yes|              No|    Fiber optic|                Yes|                 No|                Yes|                Yes|                Yes|                Yes|Month-to-month|             Yes|    Electronic check|         105.5|   No| 25.46018957345972|
|Female|            0|    Yes|       Yes|    69|         Yes|             Yes|    Fiber optic|                Yes|                Yes|                Yes|                Yes|                Yes|                Yes|      Two year|              No|Credit card (auto...|        113.25|   No| 69.71434878587196|
|Female|            0|     No|        No|    52|         Yes|              No|             No|No internet service|No internet service|No internet service|No internet service|No internet service|No internet service|      One year|              No|        Mailed check|         20.65|   No| 49.53753026634383|
|  Male|            0|     No|       Yes|    71|         Yes|             Yes|    Fiber optic|                Yes|                 No|                Yes|                 No|                Yes|                Yes|      Two year|              No|Bank transfer (au...|         106.7|   No| 69.18697282099343|
|Female|            0|    Yes|       Yes|    10|         Yes|              No|            DSL|                 No|                 No|                Yes|                Yes|                 No|                 No|Month-to-month|              No|Credit card (auto...|          55.2|  Yes| 9.571557971014492|
|Female|            0|     No|        No|    21|         Yes|              No|    Fiber optic|                 No|                Yes|                Yes|                 No|                 No|                Yes|Month-to-month|             Yes|    Electronic check|         90.05|   No|20.687395891171573|
+------+-------------+-------+----------+------+------------+----------------+---------------+-------------------+-------------------+-------------------+-------------------+-------------------+-------------------+--------------+----------------+--------------------+--------------+-----+------------------+
only showing top 20 rows

