   year Turtle_ID   ResearchType DateCapture       Species  ... Imaging OrganBiopsy LivingTag RadioTag AcousticTag
0  1995         1  Misc. Tagging   16-May-95         Green  ...   False       False     False    False       False
1  1995         1  Misc. Tagging   16-May-95         Green  ...   False       False     False    False       False
2  1995         2  Misc. Tagging   24-Apr-95    Loggerhead  ...   False       False     False    False       False
3  1995         2  Misc. Tagging   24-Apr-95    Loggerhead  ...   False       False     False    False       False
4  1995         3  Misc. Tagging   12-Jun-95  Kemps_Ridley  ...   False       False     False    False       False

[5 rows x 72 columns]
col: Species
dtype: object
na values: 0
Loggerhead      10786
Green            1850
Kemps_Ridley      790
Name: Species, dtype: int64


col: Dead_Alive
dtype: object
na values: 0
alive    12590
dead       836
Name: Dead_Alive, dtype: int64


col: Gear
dtype: object
na values: 0
Pound net           12075
Gill net              399
Leased Pound Net      272
Long haul             266
Dead Stranding        235
Live stranding         88
Other                  25
Skimmer Trawl          22
Hook and line          17
Entanglement           15
Hand captured          12
Name: Gear, dtype: int64


col: SCL_notch
dtype: float64
na values: 0
count    13426.000000
mean        57.054332
std         13.463587
min         20.300000
25%         53.300000
50%         62.300000
75%         64.000000
max        106.400000
Name: SCL_notch, dtype: float64


col: SCL_tip
dtype: float64
na values: 0
count    13426.000000
mean        58.192653
std         13.888265
min         20.600000
25%         54.300000
50%         63.300000
75%         65.600000
max        108.100000
Name: SCL_tip, dtype: float64


col: SCW
dtype: float64
na values: 0
count    13426.000000
mean        47.926860
std         10.931104
min          5.000000
25%         45.500000
50%         52.000000
75%         53.775000
max         96.000000
Name: SCW, dtype: float64


col: CCL_notch
dtype: float64
na values: 0
count    13426.000000
mean        61.523146
std         14.709902
min         21.700000
25%         58.200000
50%         67.800000
75%         68.700000
max        111.500000
Name: CCL_notch, dtype: float64


col: TestLevel_Before
dtype: float64
na values: 0
count    13426.000000
mean       357.289152
std       1026.353178
min          0.100000
25%        145.800000
50%        406.423224
75%        406.423224
max      77450.000000
Name: TestLevel_Before, dtype: float64


col: Entangled
dtype: object
na values: 0
free         13402
entangled       24
Name: Entangled, dtype: int64


        Species Dead_Alive       Gear  SCL_notch  SCL_tip   SCW  CCL_notch  TestLevel_Before Entangled
0         Green      alive   Gill net       29.8     30.2  25.3       31.0        167.070411      free
1         Green      alive   Gill net       29.8     30.2  25.3       31.0        167.070411      free
2    Loggerhead      alive   Gill net       45.9     46.4  39.8       49.4        406.423224      free
3    Loggerhead      alive   Gill net       45.9     46.4  39.8       49.4        406.423224      free
4  Kemps_Ridley      alive  Pound net       44.5     45.1  42.0       46.1        131.902538      free


Predicted Column: Species
Loggerhead      10786
Green            1850
Kemps_Ridley      790
Name: Species, dtype: int64


Predictor Column: Dead_Alive
alive    12590
dead       836
Name: Dead_Alive, dtype: int64


Predictor Column: Gear
Pound net           12075
Gill net              399
Leased Pound Net      272
Long haul             266
Dead Stranding        235
Live stranding         88
Other                  25
Skimmer Trawl          22
Hook and line          17
Entanglement           15
Hand captured          12
Name: Gear, dtype: int64


Predictor Column: Entangled
free         13402
entangled       24
Name: Entangled, dtype: int64


Predictor Column: SCL_notch
count    13426.000000
mean        57.054332
std         13.463587
min         20.300000
25%         53.300000
50%         62.300000
75%         64.000000
max        106.400000
Name: SCL_notch, dtype: float64


Predictor Column: SCL_tip
count    13426.000000
mean        58.192653
std         13.888265
min         20.600000
25%         54.300000
50%         63.300000
75%         65.600000
max        108.100000
Name: SCL_tip, dtype: float64


Predictor Column: SCW
count    13426.000000
mean        47.926860
std         10.931104
min          5.000000
25%         45.500000
50%         52.000000
75%         53.775000
max         96.000000
Name: SCW, dtype: float64


Predictor Column: CCL_notch
count    13426.000000
mean        61.523146
std         14.709902
min         21.700000
25%         58.200000
50%         67.800000
75%         68.700000
max        111.500000
Name: CCL_notch, dtype: float64


Predictor Column: TestLevel_Before
count    13426.000000
mean       357.289152
std       1026.353178
min          0.100000
25%        145.800000
50%        406.423224
75%        406.423224
max      77450.000000
Name: TestLevel_Before, dtype: float64


Linear Regression
	 Best alpha: 0.00
	 Best l1_ratio: 0.50
	 accuracy: 0.835
	 weightedRecall: 0.835
	 weightedPrecision: 0.780
Decision Tree
	 Best max_depth: 10
	 accuracy: 0.995
	 weightedRecall: 0.995
	 weightedPrecision: 0.995
Random Forest
	 Best max_depth: 15
	 Best n_estimators: 10
	 accuracy: 0.996
	 weightedRecall: 0.996
	 weightedPrecision: 0.996
One vs Rest
	 accuracy: 0.940
	 weightedRecall: 0.940
	 weightedPrecision: 0.947
Naive Bayes
	 accuracy: 0.800
	 weightedRecall: 0.800
	 weightedPrecision: 0.640
