   fixed acidity  volatile acidity  citric acid  residual sugar  chlorides  ...    pH  sulphates  alcohol  quality  color
0            7.4              0.70         0.00             1.9      0.076  ...  3.51       0.56      9.4        5    red
1            7.8              0.88         0.00             2.6      0.098  ...  3.20       0.68      9.8        5    red
2            7.8              0.76         0.04             2.3      0.092  ...  3.26       0.65      9.8        5    red
3           11.2              0.28         0.56             1.9      0.075  ...  3.16       0.58      9.8        6    red
4            7.4              0.70         0.00             1.9      0.076  ...  3.51       0.56      9.4        5    red

[5 rows x 13 columns]


Predicted Column: quality
count    6497.000000
mean        5.818378
std         0.873255
min         3.000000
25%         5.000000
50%         6.000000
75%         6.000000
max         9.000000
Name: quality, dtype: float64


Predictor Column: color
white    4898
red      1599
Name: color, dtype: int64


Predictor Column: fixed acidity
count    6497.000000
mean        7.215307
std         1.296434
min         3.800000
25%         6.400000
50%         7.000000
75%         7.700000
max        15.900000
Name: fixed acidity, dtype: float64


Predictor Column: volatile acidity
count    6497.000000
mean        0.339666
std         0.164636
min         0.080000
25%         0.230000
50%         0.290000
75%         0.400000
max         1.580000
Name: volatile acidity, dtype: float64


Predictor Column: citric acid
count    6497.000000
mean        0.318633
std         0.145318
min         0.000000
25%         0.250000
50%         0.310000
75%         0.390000
max         1.660000
Name: citric acid, dtype: float64


Predictor Column: residual sugar
count    6497.000000
mean        5.443235
std         4.757804
min         0.600000
25%         1.800000
50%         3.000000
75%         8.100000
max        65.800000
Name: residual sugar, dtype: float64


Predictor Column: chlorides
count    6497.000000
mean        0.056034
std         0.035034
min         0.009000
25%         0.038000
50%         0.047000
75%         0.065000
max         0.611000
Name: chlorides, dtype: float64


Predictor Column: free sulfur dioxide
count    6497.000000
mean       30.525319
std        17.749400
min         1.000000
25%        17.000000
50%        29.000000
75%        41.000000
max       289.000000
Name: free sulfur dioxide, dtype: float64


Predictor Column: total sulfur dioxide
count    6497.000000
mean      115.744574
std        56.521855
min         6.000000
25%        77.000000
50%       118.000000
75%       156.000000
max       440.000000
Name: total sulfur dioxide, dtype: float64


Predictor Column: density
count    6497.000000
mean        0.994697
std         0.002999
min         0.987110
25%         0.992340
50%         0.994890
75%         0.996990
max         1.038980
Name: density, dtype: float64


Predictor Column: pH
count    6497.000000
mean        3.218501
std         0.160787
min         2.720000
25%         3.110000
50%         3.210000
75%         3.320000
max         4.010000
Name: pH, dtype: float64


Predictor Column: sulphates
count    6497.000000
mean        0.531268
std         0.148806
min         0.220000
25%         0.430000
50%         0.510000
75%         0.600000
max         2.000000
Name: sulphates, dtype: float64


Predictor Column: alcohol
count    6497.000000
mean       10.491801
std         1.192712
min         8.000000
25%         9.500000
50%        10.300000
75%        11.300000
max        14.900000
Name: alcohol, dtype: float64


Linear Regression
	 Best alpha: 0.00
	 Best l1_ratio: 0.00
	 r2: 0.291
	 rmse: 0.737
	 mae: 0.566
Decision Tree
	 Best max_depth: 5
	 r2: 0.314
	 rmse: 0.725
	 mae: 0.564
Random Forest
	 Best max_depth: 15
	 Best n_estimators: 20
	 r2: 0.482
	 rmse: 0.630
	 mae: 0.457
Gradient Boosted Trees
	 r2: 0.384
	 rmse: 0.687
	 mae: 0.529
