





root
 |-- sepal_length: float (nullable = true)
 |-- sepal_width: float (nullable = true)
 |-- petal_length: float (nullable = true)
 |-- petal_width: float (nullable = true)
 |-- species: string (nullable = true)

+------------+-----------+------------+-----------+-------+
|sepal_length|sepal_width|petal_length|petal_width|species|
+------------+-----------+------------+-----------+-------+
|         5.1|        3.5|         1.4|        0.2| setosa|
|         4.9|        3.0|         1.4|        0.2| setosa|
|         4.7|        3.2|         1.3|        0.2| setosa|
|         4.6|        3.1|         1.5|        0.2| setosa|
|         5.0|        3.6|         1.4|        0.2| setosa|
+------------+-----------+------------+-----------+-------+
only showing top 5 rows

None
Logistic Regression       Accuracy: 1.000
Random Forest             Accuracy: 0.979
Naive Bayes               Accuracy: 0.979
