root
 |-- idx: float (nullable = true)
 |-- crim: float (nullable = true)
 |-- zn: float (nullable = true)
 |-- indus: float (nullable = true)
 |-- chas: string (nullable = true)
 |-- nox: float (nullable = true)
 |-- rm: float (nullable = true)
 |-- age: float (nullable = true)
 |-- dis: float (nullable = true)
 |-- rad: float (nullable = true)
 |-- tax: float (nullable = true)
 |-- ptratio: float (nullable = true)
 |-- black: float (nullable = true)
 |-- lstat: float (nullable = true)
 |-- label: float (nullable = true)

+---+-------+----+-----+----+-----+-----+----+------+---+-----+-------+------+-----+-----+
|idx|   crim|  zn|indus|chas|  nox|   rm| age|   dis|rad|  tax|ptratio| black|lstat|label|
+---+-------+----+-----+----+-----+-----+----+------+---+-----+-------+------+-----+-----+
|1.0|0.00632|18.0| 2.31|   0|0.538|6.575|65.2|  4.09|1.0|296.0|   15.3| 396.9| 4.98| 24.0|
|2.0|0.02731| 0.0| 7.07|   0|0.469|6.421|78.9|4.9671|2.0|242.0|   17.8| 396.9| 9.14| 21.6|
|3.0|0.02729| 0.0| 7.07|   0|0.469|7.185|61.1|4.9671|2.0|242.0|   17.8|392.83| 4.03| 34.7|
|4.0|0.03237| 0.0| 2.18|   0|0.458|6.998|45.8|6.0622|3.0|222.0|   18.7|394.63| 2.94| 33.4|
|5.0|0.06905| 0.0| 2.18|   0|0.458|7.147|54.2|6.0622|3.0|222.0|   18.7| 396.9| 5.33| 36.2|
+---+-------+----+-----+----+-----+-----+----+------+---+-----+-------+------+-----+-----+
only showing top 5 rows

col: crim
+-------+------------------+
|summary|              crim|
+-------+------------------+
|  count|               506|
|   mean|3.6135235607979284|
| stddev| 8.601545086608333|
|    min|           0.00632|
|    max|           88.9762|
+-------+------------------+

col: zn
+-------+------------------+
|summary|                zn|
+-------+------------------+
|  count|               506|
|   mean|11.363636363636363|
| stddev| 23.32245299451514|
|    min|               0.0|
|    max|             100.0|
+-------+------------------+

col: indus
+-------+------------------+
|summary|             indus|
+-------+------------------+
|  count|               506|
|   mean|11.136778750143975|
| stddev| 6.860352981600071|
|    min|              0.46|
|    max|             27.74|
+-------+------------------+

col: chas
+----+-----+
|chas|count|
+----+-----+
|   0|  471|
|   1|   35|
+----+-----+

col: nox
+-------+-------------------+
|summary|                nox|
+-------+-------------------+
|  count|                506|
|   mean| 0.5546950601895336|
| stddev|0.11587767537000229|
|    min|              0.385|
|    max|              0.871|
+-------+-------------------+

col: rm
+-------+------------------+
|summary|                rm|
+-------+------------------+
|  count|               506|
|   mean|   6.2846343889538|
| stddev|0.7026171549459193|
|    min|             3.561|
|    max|              8.78|
+-------+------------------+

col: age
+-------+-----------------+
|summary|              age|
+-------+-----------------+
|  count|              506|
|   mean|68.57490120103708|
| stddev|28.14886153280278|
|    min|              2.9|
|    max|            100.0|
+-------+-----------------+

col: dis
+-------+------------------+
|summary|               dis|
+-------+------------------+
|  count|               506|
|   mean|3.7950426959708747|
| stddev|2.1057101419201327|
|    min|            1.1296|
|    max|           12.1265|
+-------+------------------+

col: rad
+-------+-----------------+
|summary|              rad|
+-------+-----------------+
|  count|              506|
|   mean|9.549407114624506|
| stddev|8.707259384239366|
|    min|              1.0|
|    max|             24.0|
+-------+-----------------+

col: tax
+-------+------------------+
|summary|               tax|
+-------+------------------+
|  count|               506|
|   mean| 408.2371541501976|
| stddev|168.53711605495903|
|    min|             187.0|
|    max|             711.0|
+-------+------------------+

col: ptratio
+-------+------------------+
|summary|           ptratio|
+-------+------------------+
|  count|               506|
|   mean|18.455533828659963|
| stddev| 2.164945781031262|
|    min|              12.6|
|    max|              22.0|
+-------+------------------+

col: black
+-------+-----------------+
|summary|            black|
+-------+-----------------+
|  count|              506|
|   mean|356.6740296043662|
| stddev|91.29486340285644|
|    min|             0.32|
|    max|            396.9|
+-------+-----------------+

col: lstat
+-------+-----------------+
|summary|            lstat|
+-------+-----------------+
|  count|              506|
|   mean|12.65306323389762|
| stddev|7.141061500114596|
|    min|             1.73|
|    max|            37.97|
+-------+-----------------+

col: label
+-------+------------------+
|summary|             label|
+-------+------------------+
|  count|               506|
|   mean|22.532806362559203|
| stddev| 9.197104107890645|
|    min|               5.0|
|    max|              50.0|
+-------+------------------+

root
 |-- crim: float (nullable = true)
 |-- zn: float (nullable = true)
 |-- indus: float (nullable = true)
 |-- chas: string (nullable = true)
 |-- nox: float (nullable = true)
 |-- rm: float (nullable = true)
 |-- age: float (nullable = true)
 |-- dis: float (nullable = true)
 |-- rad: float (nullable = true)
 |-- tax: float (nullable = true)
 |-- ptratio: float (nullable = true)
 |-- black: float (nullable = true)
 |-- lstat: float (nullable = true)
 |-- label: float (nullable = true)

+-------+----+-----+----+-----+-----+-----+------+---+-----+-------+------+-----+-----+
|   crim|  zn|indus|chas|  nox|   rm|  age|   dis|rad|  tax|ptratio| black|lstat|label|
+-------+----+-----+----+-----+-----+-----+------+---+-----+-------+------+-----+-----+
|0.00632|18.0| 2.31|   0|0.538|6.575| 65.2|  4.09|1.0|296.0|   15.3| 396.9| 4.98| 24.0|
|0.02731| 0.0| 7.07|   0|0.469|6.421| 78.9|4.9671|2.0|242.0|   17.8| 396.9| 9.14| 21.6|
|0.02729| 0.0| 7.07|   0|0.469|7.185| 61.1|4.9671|2.0|242.0|   17.8|392.83| 4.03| 34.7|
|0.03237| 0.0| 2.18|   0|0.458|6.998| 45.8|6.0622|3.0|222.0|   18.7|394.63| 2.94| 33.4|
|0.06905| 0.0| 2.18|   0|0.458|7.147| 54.2|6.0622|3.0|222.0|   18.7| 396.9| 5.33| 36.2|
|0.02985| 0.0| 2.18|   0|0.458| 6.43| 58.7|6.0622|3.0|222.0|   18.7|394.12| 5.21| 28.7|
|0.08829|12.5| 7.87|   0|0.524|6.012| 66.6|5.5605|5.0|311.0|   15.2| 395.6|12.43| 22.9|
|0.14455|12.5| 7.87|   0|0.524|6.172| 96.1|5.9505|5.0|311.0|   15.2| 396.9|19.15| 27.1|
|0.21124|12.5| 7.87|   0|0.524|5.631|100.0|6.0821|5.0|311.0|   15.2|386.63|29.93| 16.5|
|0.17004|12.5| 7.87|   0|0.524|6.004| 85.9|6.5921|5.0|311.0|   15.2|386.71| 17.1| 18.9|
|0.22489|12.5| 7.87|   0|0.524|6.377| 94.3|6.3467|5.0|311.0|   15.2|392.52|20.45| 15.0|
|0.11747|12.5| 7.87|   0|0.524|6.009| 82.9|6.2267|5.0|311.0|   15.2| 396.9|13.27| 18.9|
|0.09378|12.5| 7.87|   0|0.524|5.889| 39.0|5.4509|5.0|311.0|   15.2| 390.5|15.71| 21.7|
|0.62976| 0.0| 8.14|   0|0.538|5.949| 61.8|4.7075|4.0|307.0|   21.0| 396.9| 8.26| 20.4|
|0.63796| 0.0| 8.14|   0|0.538|6.096| 84.5|4.4619|4.0|307.0|   21.0|380.02|10.26| 18.2|
|0.62739| 0.0| 8.14|   0|0.538|5.834| 56.5|4.4986|4.0|307.0|   21.0|395.62| 8.47| 19.9|
|1.05393| 0.0| 8.14|   0|0.538|5.935| 29.3|4.4986|4.0|307.0|   21.0|386.85| 6.58| 23.1|
| 0.7842| 0.0| 8.14|   0|0.538| 5.99| 81.7|4.2579|4.0|307.0|   21.0|386.75|14.67| 17.5|
|0.80271| 0.0| 8.14|   0|0.538|5.456| 36.6|3.7965|4.0|307.0|   21.0|288.99|11.69| 20.2|
| 0.7258| 0.0| 8.14|   0|0.538|5.727| 69.5|3.7965|4.0|307.0|   21.0|390.95|11.28| 18.2|
+-------+----+-----+----+-----+-----+-----+------+---+-----+-------+------+-----+-----+
only showing top 20 rows

Linear Regression
	 Best regParam (lambda): 0.50
	 Best elasticNetparam (alpha): 0.00
	 r2: 0.695
	 rmse: 4.296
	 mae: 3.026
Decision Tree
	 Best maxDepth: 5
	 Best maxBins: 32
	 r2: 0.675
	 rmse: 4.440
	 mae: 2.841
Random Forest
	 Best maxDepth: 10
	 Best maxBins: 32
	 Best numTrees: 10
	 r2: 0.830
	 rmse: 3.210
	 mae: 2.217
Gradient Boosted Trees
	 r2: 0.684
	 rmse: 4.375
	 mae: 2.654
