   sepal_length  sepal_width  petal_length  petal_width species
0           5.1          3.5           1.4          0.2  setosa
1           4.9          3.0           1.4          0.2  setosa
2           4.7          3.2           1.3          0.2  setosa
3           4.6          3.1           1.5          0.2  setosa
4           5.0          3.6           1.4          0.2  setosa

Predicted Column: species
setosa        50
versicolor    50
virginica     50
Name: species, dtype: int64

Predictor Column: sepal_length
count    150.000000
mean       5.843333
std        0.828066
min        4.300000
25%        5.100000
50%        5.800000
75%        6.400000
max        7.900000
Name: sepal_length, dtype: float64

Predictor Column: sepal_width
count    150.000000
mean       3.054000
std        0.433594
min        2.000000
25%        2.800000
50%        3.000000
75%        3.300000
max        4.400000
Name: sepal_width, dtype: float64

Predictor Column: petal_length
count    150.000000
mean       3.758667
std        1.764420
min        1.000000
25%        1.600000
50%        4.350000
75%        5.100000
max        6.900000
Name: petal_length, dtype: float64

Predictor Column: petal_width
count    150.000000
mean       1.198667
std        0.763161
min        0.100000
25%        0.300000
50%        1.300000
75%        1.800000
max        2.500000
Name: petal_width, dtype: float64

Linear Regression
         Best alpha: 0.0001
         Best l1_ratio: 0.5
         accuracy: 0.76
         weightedRecall: 0.76
         weightedPrecision: 0.82
Decision Tree
         Best max_depth: 5
         accuracy: 0.92
         weightedRecall: 0.92
         weightedPrecision: 0.92
Random Forest
         Best max_depth: 10
         Best n_estimators: 10
         accuracy: 0.84
         weightedRecall: 0.84
         weightedPrecision: 0.85
One vs Rest
         accuracy: 0.71
         weightedRecall: 0.71
         weightedPrecision: 0.73
Naive Bayes
         accuracy: 0.84
         weightedRecall: 0.84
         weightedPrecision: 0.85