root
 |-- fixed_acidity: float (nullable = true)
 |-- volatile_acidity: float (nullable = true)
 |-- citric_acid: float (nullable = true)
 |-- residual_sugar: float (nullable = true)
 |-- chlorides: float (nullable = true)
 |-- free_sulfur_dioxide: float (nullable = true)
 |-- total_sulfur_dioxide: float (nullable = true)
 |-- density: float (nullable = true)
 |-- pH: float (nullable = true)
 |-- sulphates: float (nullable = true)
 |-- alcohol: float (nullable = true)
 |-- label: float (nullable = true)
 |-- color: string (nullable = true)

+-------------+----------------+-----------+--------------+---------+-------------------+--------------------+-------+----+---------+-------+-----+-----+
|fixed_acidity|volatile_acidity|citric_acid|residual_sugar|chlorides|free_sulfur_dioxide|total_sulfur_dioxide|density|  pH|sulphates|alcohol|label|color|
+-------------+----------------+-----------+--------------+---------+-------------------+--------------------+-------+----+---------+-------+-----+-----+
|          7.0|            0.27|       0.36|          20.7|    0.045|               45.0|               170.0|  1.001| 3.0|     0.45|    8.8|  6.0|white|
|          6.3|             0.3|       0.34|           1.6|    0.049|               14.0|               132.0|  0.994| 3.3|     0.49|    9.5|  6.0|white|
|          8.1|            0.28|        0.4|           6.9|     0.05|               30.0|                97.0| 0.9951|3.26|     0.44|   10.1|  6.0|white|
|          7.2|            0.23|       0.32|           8.5|    0.058|               47.0|               186.0| 0.9956|3.19|      0.4|    9.9|  6.0|white|
|          7.2|            0.23|       0.32|           8.5|    0.058|               47.0|               186.0| 0.9956|3.19|      0.4|    9.9|  6.0|white|
+-------------+----------------+-----------+--------------+---------+-------------------+--------------------+-------+----+---------+-------+-----+-----+
only showing top 5 rows

Linear Regression by Cross Validation
	             r2: 0.308
	           rmse: 0.735
	            mae: 0.566
Decision Tree
	             r2: 0.293
	           rmse: 0.742
	            mae: 0.573
Random Forest
	             r2: 0.335
	           rmse: 0.720
	            mae: 0.573
Gradient Boosted Trees
	             r2: 0.356
	           rmse: 0.709
	            mae: 0.540
