col: fixed acidity
+-------+-----------------+
|summary|    fixed acidity|
+-------+-----------------+
|  count|             6497|
|   mean| 7.21530706479913|
| stddev|1.296433757799814|
|    min|              3.8|
|    max|             15.9|
+-------+-----------------+

col: volatile acidity
+-------+-------------------+
|summary|   volatile acidity|
+-------+-------------------+
|  count|               6497|
|   mean|0.33966599969216654|
| stddev|0.16463647408467896|
|    min|               0.08|
|    max|               1.58|
+-------+-------------------+

col: citric acid
+-------+-------------------+
|summary|        citric acid|
+-------+-------------------+
|  count|               6497|
|   mean|0.31863321533014727|
| stddev|0.14531786489759146|
|    min|                0.0|
|    max|               1.66|
+-------+-------------------+

col: residual sugar
+-------+------------------+
|summary|    residual sugar|
+-------+------------------+
|  count|              6497|
|   mean|  5.44323533938742|
| stddev|4.7578037431474165|
|    min|               0.6|
|    max|              65.8|
+-------+------------------+

col: chlorides
+-------+-------------------+
|summary|          chlorides|
+-------+-------------------+
|  count|               6497|
|   mean|0.05603386178236105|
| stddev|0.03503360137245908|
|    min|              0.009|
|    max|              0.611|
+-------+-------------------+

col: free sulfur dioxide
+-------+-------------------+
|summary|free sulfur dioxide|
+-------+-------------------+
|  count|               6497|
|   mean| 30.525319378174544|
| stddev|   17.7493997720025|
|    min|                1.0|
|    max|              289.0|
+-------+-------------------+

col: total sulfur dioxide
+-------+--------------------+
|summary|total sulfur dioxide|
+-------+--------------------+
|  count|                6497|
|   mean|   115.7445744189626|
| stddev|   56.52185452263029|
|    min|                 6.0|
|    max|               440.0|
+-------+--------------------+

col: density
+-------+--------------------+
|summary|             density|
+-------+--------------------+
|  count|                6497|
|   mean|  0.9946966338309939|
| stddev|0.002998673003719...|
|    min|             0.98711|
|    max|             1.03898|
+-------+--------------------+

col: pH
+-------+-------------------+
|summary|                 pH|
+-------+-------------------+
|  count|               6497|
|   mean| 3.2185008465445577|
| stddev|0.16078720210398784|
|    min|               2.72|
|    max|               4.01|
+-------+-------------------+

col: sulphates
+-------+-------------------+
|summary|          sulphates|
+-------+-------------------+
|  count|               6497|
|   mean| 0.5312682776666166|
| stddev|0.14880587361449052|
|    min|               0.22|
|    max|                2.0|
+-------+-------------------+

col: alcohol
+-------+------------------+
|summary|           alcohol|
+-------+------------------+
|  count|              6497|
|   mean|10.491800831152862|
| stddev|1.1927117488709942|
|    min|               8.0|
|    max|              14.9|
+-------+------------------+

col: quality
+-------+------------------+
|summary|           quality|
+-------+------------------+
|  count|              6497|
|   mean| 5.818377712790519|
| stddev|0.8732552715311255|
|    min|                 3|
|    max|                 9|
+-------+------------------+

col: color
+-----+-----+
|color|count|
+-----+-----+
|white| 4898|
|  red| 1599|
+-----+-----+

root
 |-- fixed acidity: double (nullable = true)
 |-- volatile acidity: double (nullable = true)
 |-- citric acid: double (nullable = true)
 |-- residual sugar: double (nullable = true)
 |-- chlorides: double (nullable = true)
 |-- free sulfur dioxide: double (nullable = true)
 |-- total sulfur dioxide: double (nullable = true)
 |-- density: double (nullable = true)
 |-- pH: double (nullable = true)
 |-- sulphates: double (nullable = true)
 |-- alcohol: double (nullable = true)
 |-- quality: integer (nullable = true)
 |-- color: string (nullable = false)

+-------------+----------------+-----------+--------------+---------+-------------------+--------------------+-------+----+---------+-------+-------+-----+
|fixed acidity|volatile acidity|citric acid|residual sugar|chlorides|free sulfur dioxide|total sulfur dioxide|density|  pH|sulphates|alcohol|quality|color|
+-------------+----------------+-----------+--------------+---------+-------------------+--------------------+-------+----+---------+-------+-------+-----+
|          7.4|             0.7|        0.0|           1.9|    0.076|               11.0|                34.0| 0.9978|3.51|     0.56|    9.4|      5|  red|
|          7.8|            0.88|        0.0|           2.6|    0.098|               25.0|                67.0| 0.9968| 3.2|     0.68|    9.8|      5|  red|
|          7.8|            0.76|       0.04|           2.3|    0.092|               15.0|                54.0|  0.997|3.26|     0.65|    9.8|      5|  red|
|         11.2|            0.28|       0.56|           1.9|    0.075|               17.0|                60.0|  0.998|3.16|     0.58|    9.8|      6|  red|
|          7.4|             0.7|        0.0|           1.9|    0.076|               11.0|                34.0| 0.9978|3.51|     0.56|    9.4|      5|  red|
|          7.4|            0.66|        0.0|           1.8|    0.075|               13.0|                40.0| 0.9978|3.51|     0.56|    9.4|      5|  red|
|          7.9|             0.6|       0.06|           1.6|    0.069|               15.0|                59.0| 0.9964| 3.3|     0.46|    9.4|      5|  red|
|          7.3|            0.65|        0.0|           1.2|    0.065|               15.0|                21.0| 0.9946|3.39|     0.47|   10.0|      7|  red|
|          7.8|            0.58|       0.02|           2.0|    0.073|                9.0|                18.0| 0.9968|3.36|     0.57|    9.5|      7|  red|
|          7.5|             0.5|       0.36|           6.1|    0.071|               17.0|               102.0| 0.9978|3.35|      0.8|   10.5|      5|  red|
|          6.7|            0.58|       0.08|           1.8|    0.097|               15.0|                65.0| 0.9959|3.28|     0.54|    9.2|      5|  red|
|          7.5|             0.5|       0.36|           6.1|    0.071|               17.0|               102.0| 0.9978|3.35|      0.8|   10.5|      5|  red|
|          5.6|           0.615|        0.0|           1.6|    0.089|               16.0|                59.0| 0.9943|3.58|     0.52|    9.9|      5|  red|
|          7.8|            0.61|       0.29|           1.6|    0.114|                9.0|                29.0| 0.9974|3.26|     1.56|    9.1|      5|  red|
|          8.9|            0.62|       0.18|           3.8|    0.176|               52.0|               145.0| 0.9986|3.16|     0.88|    9.2|      5|  red|
|          8.9|            0.62|       0.19|           3.9|     0.17|               51.0|               148.0| 0.9986|3.17|     0.93|    9.2|      5|  red|
|          8.5|            0.28|       0.56|           1.8|    0.092|               35.0|               103.0| 0.9969| 3.3|     0.75|   10.5|      7|  red|
|          8.1|            0.56|       0.28|           1.7|    0.368|               16.0|                56.0| 0.9968|3.11|     1.28|    9.3|      5|  red|
|          7.4|            0.59|       0.08|           4.4|    0.086|                6.0|                29.0| 0.9974|3.38|      0.5|    9.0|      4|  red|
|          7.9|            0.32|       0.51|           1.8|    0.341|               17.0|                56.0| 0.9969|3.04|     1.08|    9.2|      6|  red|
+-------------+----------------+-----------+--------------+---------+-------------------+--------------------+-------+----+---------+-------+-------+-----+
only showing top 20 rows

