root
 |-- label: float (nullable = true)
 |-- cylinders: string (nullable = true)
 |-- displacement: float (nullable = true)
 |-- horsepower: float (nullable = true)
 |-- weight: float (nullable = true)
 |-- acceleration: float (nullable = true)
 |-- model_year: string (nullable = true)
 |-- origin: string (nullable = true)
 |-- car_name: string (nullable = true)

+-----+---------+------------+----------+------+------------+----------+------+--------------------+
|label|cylinders|displacement|horsepower|weight|acceleration|model_year|origin|            car_name|
+-----+---------+------------+----------+------+------------+----------+------+--------------------+
| 18.0|        8|       307.0|     130.0|3504.0|        12.0|        70|     1|chevrolet chevell...|
| 15.0|        8|       350.0|     165.0|3693.0|        11.5|        70|     1|   buick skylark 320|
| 18.0|        8|       318.0|     150.0|3436.0|        11.0|        70|     1|  plymouth satellite|
| 16.0|        8|       304.0|     150.0|3433.0|        12.0|        70|     1|       amc rebel sst|
| 17.0|        8|       302.0|     140.0|3449.0|        10.5|        70|     1|         ford torino|
+-----+---------+------------+----------+------+------------+----------+------+--------------------+
only showing top 5 rows

col: label
+-------+-----------------+
|summary|            label|
+-------+-----------------+
|  count|              391|
|   mean|23.51534526366407|
| stddev|7.847548627998141|
|    min|              9.0|
|    max|             46.6|
+-------+-----------------+

col: cylinders
+---------+-----+
|cylinders|count|
+---------+-----+
|        8|  103|
|        6|   84|
|        4|  204|
+---------+-----+

col: displacement
+-------+------------------+
|summary|      displacement|
+-------+------------------+
|  count|               391|
|   mean|195.03452685421996|
| stddev|104.35925110894172|
|    min|              68.0|
|    max|             455.0|
+-------+------------------+

col: horsepower
+-------+------------------+
|summary|        horsepower|
+-------+------------------+
|  count|               391|
|   mean|104.69610392772938|
| stddev| 38.45735047462061|
|    min|              46.0|
|    max|             230.0|
+-------+------------------+

col: weight
+-------+------------------+
|summary|            weight|
+-------+------------------+
|  count|               391|
|   mean|2975.2557544757033|
| stddev| 851.6504766756897|
|    min|            1613.0|
|    max|            5140.0|
+-------+------------------+

col: acceleration
+-------+------------------+
|summary|      acceleration|
+-------+------------------+
|  count|               391|
|   mean|15.568286454281234|
| stddev| 2.753769835393706|
|    min|               8.0|
|    max|              24.8|
+-------+------------------+

col: model_year
+----------+-----+
|model_year|count|
+----------+-----+
|        73|   39|
|        71|   28|
|        70|   29|
|        75|   30|
|        78|   35|
|        77|   27|
|        82|   31|
|        81|   29|
|        79|   28|
|        72|   27|
|        74|   27|
|        76|   34|
|        80|   27|
+----------+-----+

col: origin
+------+-----+
|origin|count|
+------+-----+
|     3|   75|
|     1|  249|
|     2|   67|
+------+-----+

root
 |-- label: float (nullable = true)
 |-- cylinders: string (nullable = true)
 |-- displacement: float (nullable = true)
 |-- horsepower: float (nullable = true)
 |-- weight: float (nullable = true)
 |-- acceleration: float (nullable = true)
 |-- model_year: string (nullable = true)
 |-- origin: string (nullable = true)

+-----+---------+------------+----------+------+------------+----------+------+
|label|cylinders|displacement|horsepower|weight|acceleration|model_year|origin|
+-----+---------+------------+----------+------+------------+----------+------+
| 18.0|        8|       307.0|     130.0|3504.0|        12.0|        70|     1|
| 15.0|        8|       350.0|     165.0|3693.0|        11.5|        70|     1|
| 18.0|        8|       318.0|     150.0|3436.0|        11.0|        70|     1|
| 16.0|        8|       304.0|     150.0|3433.0|        12.0|        70|     1|
| 17.0|        8|       302.0|     140.0|3449.0|        10.5|        70|     1|
| 15.0|        8|       429.0|     198.0|4341.0|        10.0|        70|     1|
| 14.0|        8|       454.0|     220.0|4354.0|         9.0|        70|     1|
| 14.0|        8|       440.0|     215.0|4312.0|         8.5|        70|     1|
| 14.0|        8|       455.0|     225.0|4425.0|        10.0|        70|     1|
| 15.0|        8|       390.0|     190.0|3850.0|         8.5|        70|     1|
| 15.0|        8|       383.0|     170.0|3563.0|        10.0|        70|     1|
| 14.0|        8|       340.0|     160.0|3609.0|         8.0|        70|     1|
| 15.0|        8|       400.0|     150.0|3761.0|         9.5|        70|     1|
| 14.0|        8|       455.0|     225.0|3086.0|        10.0|        70|     1|
| 24.0|        4|       113.0|      95.0|2372.0|        15.0|        70|     3|
| 22.0|        6|       198.0|      95.0|2833.0|        15.5|        70|     1|
| 18.0|        6|       199.0|      97.0|2774.0|        15.5|        70|     1|
| 21.0|        6|       200.0|      85.0|2587.0|        16.0|        70|     1|
| 27.0|        4|        97.0|      88.0|2130.0|        14.5|        70|     3|
| 26.0|        4|        97.0|      46.0|1835.0|        20.5|        70|     2|
+-----+---------+------------+----------+------+------------+----------+------+
only showing top 20 rows

Linear Regression
	 Best regParam (lambda): 0.25
	 Best elasticNetparam (alpha): 0.00
	 r2: 0.853
	 rmse: 3.018
	 mae: 2.393
Decision Tree
	 Best maxDepth: 10
	 Best maxBins: 8
	 r2: 0.779
	 rmse: 3.701
	 mae: 2.422
Random Forest
	 Best maxDepth: 10
	 Best maxBins: 32
	 Best numTrees: 20
	 r2: 0.812
	 rmse: 3.414
	 mae: 2.247
Gradient Boosted Trees
	 r2: 0.703
	 rmse: 4.285
	 mae: 2.845
